Tue Aug 19 11:22:31 CDT 2025: Starting Off-Ice Analysis App...
Tue Aug 19 11:22:31 CDT 2025: Off-Ice Analysis App started with PID 8555
🏋️ OFF-ICE ANALYSIS APP STARTING - MEDIAPIPE ONLY! 🏋️
   Port: 8238 | Focus: General person detection & exercise analysis
🏋️ Off-Ice Analysis App starting on port 8238
   MediaPipe pose detection only - lightweight and fast
 * Serving Flask app 'app'
 * Debug mode: off
WARNING: This is a development server. Do not use it in a production deployment. Use a production WSGI server instead.
 * Running on http://127.0.0.1:8238
Press CTRL+C to quit
127.0.0.1 - - [19/Aug/2025 11:22:41] "GET / HTTP/1.1" 200 -
127.0.0.1 - - [19/Aug/2025 11:22:41] "GET /favicon.ico HTTP/1.1" 404 -
127.0.0.1 - - [19/Aug/2025 11:23:33] "POST /upload HTTP/1.1" 200 -
127.0.0.1 - - [19/Aug/2025 11:23:33] "POST /analyze HTTP/1.1" 200 -
WARNING: All log messages before absl::InitializeLog() is called are written to STDERR
I0000 00:00:1755620613.989324  479273 gl_context.cc:369] GL version: 2.1 (2.1 Metal - 89.4), renderer: Apple M2
INFO: Created TensorFlow Lite XNNPACK delegate for CPU.
W0000 00:00:1755620614.076838  479290 inference_feedback_manager.cc:114] Feedback manager requires a model with a single signature inference. Disabling support for feedback tensors.
W0000 00:00:1755620614.088805  479286 inference_feedback_manager.cc:114] Feedback manager requires a model with a single signature inference. Disabling support for feedback tensors.
W0000 00:00:1755620614.103701  479285 landmark_projection_calculator.cc:186] Using NORM_RECT without IMAGE_DIMENSIONS is only supported for the square ROI. Provide IMAGE_DIMENSIONS or use PROJECTION_MATRIX.
127.0.0.1 - - [19/Aug/2025 11:23:34] "GET /detect_people/benchpress.mp4 HTTP/1.1" 200 -
127.0.0.1 - - [19/Aug/2025 11:23:36] "POST /process_motion_capture HTTP/1.1" 200 -
127.0.0.1 - - [19/Aug/2025 11:23:36] "GET /view/off_ice_analysis_benchpress.mp4 HTTP/1.1" 404 -
127.0.0.1 - - [19/Aug/2025 11:23:46] "GET /download/off_ice_metrics_benchpress.csv HTTP/1.1" 404 -
127.0.0.1 - - [19/Aug/2025 11:23:48] "GET /view/off_ice_analysis_benchpress.mp4 HTTP/1.1" 404 -
Tue Aug 19 11:30:02 CDT 2025: Off-Ice Analysis App stopped
Tue Aug 19 11:30:08 CDT 2025: Starting Off-Ice Analysis App...
Tue Aug 19 11:30:08 CDT 2025: Off-Ice Analysis App started with PID 8857
🏋️ OFF-ICE ANALYSIS APP STARTING - MEDIAPIPE ONLY! 🏋️
   Port: 8238 | Focus: General person detection & exercise analysis
🏋️ Off-Ice Analysis App starting on port 8238
   MediaPipe pose detection only - lightweight and fast
 * Serving Flask app 'app'
 * Debug mode: off
WARNING: This is a development server. Do not use it in a production deployment. Use a production WSGI server instead.
 * Running on http://127.0.0.1:8238
Press CTRL+C to quit
127.0.0.1 - - [19/Aug/2025 11:30:14] "GET / HTTP/1.1" 200 -
127.0.0.1 - - [19/Aug/2025 11:30:26] "POST /upload HTTP/1.1" 200 -
127.0.0.1 - - [19/Aug/2025 11:30:26] "POST /analyze HTTP/1.1" 200 -
WARNING: All log messages before absl::InitializeLog() is called are written to STDERR
I0000 00:00:1755621026.386045  485698 gl_context.cc:369] GL version: 2.1 (2.1 Metal - 89.4), renderer: Apple M2
INFO: Created TensorFlow Lite XNNPACK delegate for CPU.
W0000 00:00:1755621026.471826  485718 inference_feedback_manager.cc:114] Feedback manager requires a model with a single signature inference. Disabling support for feedback tensors.
W0000 00:00:1755621026.485375  485725 inference_feedback_manager.cc:114] Feedback manager requires a model with a single signature inference. Disabling support for feedback tensors.
W0000 00:00:1755621026.500729  485725 landmark_projection_calculator.cc:186] Using NORM_RECT without IMAGE_DIMENSIONS is only supported for the square ROI. Provide IMAGE_DIMENSIONS or use PROJECTION_MATRIX.
127.0.0.1 - - [19/Aug/2025 11:30:26] "GET /detect_people/benchpress.mp4 HTTP/1.1" 200 -
I0000 00:00:1755621028.556557  485761 gl_context.cc:369] GL version: 2.1 (2.1 Metal - 89.4), renderer: Apple M2
W0000 00:00:1755621028.649865  485763 inference_feedback_manager.cc:114] Feedback manager requires a model with a single signature inference. Disabling support for feedback tensors.
W0000 00:00:1755621028.665482  485767 inference_feedback_manager.cc:114] Feedback manager requires a model with a single signature inference. Disabling support for feedback tensors.
127.0.0.1 - - [19/Aug/2025 11:30:38] "POST /process_motion_capture HTTP/1.1" 200 -
127.0.0.1 - - [19/Aug/2025 11:30:39] "GET /view/off_ice_analysis_benchpress.mp4 HTTP/1.1" 404 -
127.0.0.1 - - [19/Aug/2025 11:30:39] "GET /view/off_ice_skeleton_benchpress.mp4 HTTP/1.1" 404 -
127.0.0.1 - - [19/Aug/2025 11:33:50] "GET /download/off_ice_metrics_benchpress.csv HTTP/1.1" 404 -
Tue Aug 19 11:40:19 CDT 2025: Off-Ice Analysis App stopped
Tue Aug 19 11:40:21 CDT 2025: Starting Off-Ice Analysis App...
Tue Aug 19 11:40:21 CDT 2025: Off-Ice Analysis App started with PID 9144
🏋️ OFF-ICE ANALYSIS APP STARTING - MEDIAPIPE ONLY! 🏋️
   Port: 8238 | Focus: General person detection & exercise analysis
🏋️ Off-Ice Analysis App starting on port 8238
   MediaPipe pose detection only - lightweight and fast
 * Serving Flask app 'app'
 * Debug mode: off
WARNING: This is a development server. Do not use it in a production deployment. Use a production WSGI server instead.
 * Running on http://127.0.0.1:8238
Press CTRL+C to quit
127.0.0.1 - - [19/Aug/2025 11:40:25] "GET / HTTP/1.1" 200 -
127.0.0.1 - - [19/Aug/2025 11:40:33] "POST /upload HTTP/1.1" 200 -
127.0.0.1 - - [19/Aug/2025 11:40:33] "POST /analyze HTTP/1.1" 200 -
WARNING: All log messages before absl::InitializeLog() is called are written to STDERR
I0000 00:00:1755621634.215172  497661 gl_context.cc:369] GL version: 2.1 (2.1 Metal - 89.4), renderer: Apple M2
INFO: Created TensorFlow Lite XNNPACK delegate for CPU.
W0000 00:00:1755621634.303785  497674 inference_feedback_manager.cc:114] Feedback manager requires a model with a single signature inference. Disabling support for feedback tensors.
W0000 00:00:1755621634.318194  497679 inference_feedback_manager.cc:114] Feedback manager requires a model with a single signature inference. Disabling support for feedback tensors.
W0000 00:00:1755621634.335200  497679 landmark_projection_calculator.cc:186] Using NORM_RECT without IMAGE_DIMENSIONS is only supported for the square ROI. Provide IMAGE_DIMENSIONS or use PROJECTION_MATRIX.
127.0.0.1 - - [19/Aug/2025 11:40:34] "GET /detect_people/benchpress.mp4 HTTP/1.1" 200 -
I0000 00:00:1755621635.426876  497712 gl_context.cc:369] GL version: 2.1 (2.1 Metal - 89.4), renderer: Apple M2
W0000 00:00:1755621635.521113  497714 inference_feedback_manager.cc:114] Feedback manager requires a model with a single signature inference. Disabling support for feedback tensors.
W0000 00:00:1755621635.535744  497720 inference_feedback_manager.cc:114] Feedback manager requires a model with a single signature inference. Disabling support for feedback tensors.
127.0.0.1 - - [19/Aug/2025 11:40:46] "POST /process_motion_capture HTTP/1.1" 200 -
127.0.0.1 - - [19/Aug/2025 11:40:46] "GET /view/off_ice_analysis_benchpress.mp4 HTTP/1.1" 404 -
127.0.0.1 - - [19/Aug/2025 11:40:46] "GET /view/off_ice_skeleton_benchpress.mp4 HTTP/1.1" 404 -
127.0.0.1 - - [19/Aug/2025 11:41:03] "GET /download/off_ice_metrics_benchpress.csv HTTP/1.1" 404 -
Tue Aug 19 11:44:18 CDT 2025: Off-Ice Analysis App stopped
Tue Aug 19 11:44:21 CDT 2025: Starting Off-Ice Analysis App...
Tue Aug 19 11:44:21 CDT 2025: Off-Ice Analysis App started with PID 9369
🏋️ OFF-ICE ANALYSIS APP STARTING - MEDIAPIPE ONLY! 🏋️
   Port: 8238 | Focus: General person detection & exercise analysis
🏋️ Off-Ice Analysis App starting on port 8238
   MediaPipe pose detection only - lightweight and fast
 * Serving Flask app 'app'
 * Debug mode: off
WARNING: This is a development server. Do not use it in a production deployment. Use a production WSGI server instead.
 * Running on http://127.0.0.1:8238
Press CTRL+C to quit
127.0.0.1 - - [19/Aug/2025 11:44:24] "GET / HTTP/1.1" 200 -
127.0.0.1 - - [19/Aug/2025 11:44:30] "POST /upload HTTP/1.1" 200 -
127.0.0.1 - - [19/Aug/2025 11:44:30] "POST /analyze HTTP/1.1" 200 -
WARNING: All log messages before absl::InitializeLog() is called are written to STDERR
I0000 00:00:1755621871.146744  502306 gl_context.cc:369] GL version: 2.1 (2.1 Metal - 89.4), renderer: Apple M2
INFO: Created TensorFlow Lite XNNPACK delegate for CPU.
W0000 00:00:1755621871.236432  502316 inference_feedback_manager.cc:114] Feedback manager requires a model with a single signature inference. Disabling support for feedback tensors.
W0000 00:00:1755621871.250003  502316 inference_feedback_manager.cc:114] Feedback manager requires a model with a single signature inference. Disabling support for feedback tensors.
W0000 00:00:1755621871.266020  502323 landmark_projection_calculator.cc:186] Using NORM_RECT without IMAGE_DIMENSIONS is only supported for the square ROI. Provide IMAGE_DIMENSIONS or use PROJECTION_MATRIX.
127.0.0.1 - - [19/Aug/2025 11:44:31] "GET /detect_people/benchpress.mp4 HTTP/1.1" 200 -
127.0.0.1 - - [19/Aug/2025 11:44:33] "POST /upload HTTP/1.1" 200 -
127.0.0.1 - - [19/Aug/2025 11:44:33] "POST /analyze HTTP/1.1" 200 -
I0000 00:00:1755621873.532958  502392 gl_context.cc:369] GL version: 2.1 (2.1 Metal - 89.4), renderer: Apple M2
W0000 00:00:1755621873.600278  502402 inference_feedback_manager.cc:114] Feedback manager requires a model with a single signature inference. Disabling support for feedback tensors.
W0000 00:00:1755621873.615197  502408 inference_feedback_manager.cc:114] Feedback manager requires a model with a single signature inference. Disabling support for feedback tensors.
127.0.0.1 - - [19/Aug/2025 11:44:33] "GET /detect_people/benchpress.mp4 HTTP/1.1" 200 -
I0000 00:00:1755621874.584095  502441 gl_context.cc:369] GL version: 2.1 (2.1 Metal - 89.4), renderer: Apple M2
W0000 00:00:1755621874.677873  502443 inference_feedback_manager.cc:114] Feedback manager requires a model with a single signature inference. Disabling support for feedback tensors.
W0000 00:00:1755621874.693189  502446 inference_feedback_manager.cc:114] Feedback manager requires a model with a single signature inference. Disabling support for feedback tensors.
127.0.0.1 - - [19/Aug/2025 11:44:45] "POST /process_motion_capture HTTP/1.1" 200 -
127.0.0.1 - - [19/Aug/2025 11:44:45] "GET /view/off_ice_skeleton_benchpress.mp4 HTTP/1.1" 206 -
127.0.0.1 - - [19/Aug/2025 11:44:45] "GET /view/off_ice_analysis_benchpress.mp4 HTTP/1.1" 206 -
127.0.0.1 - - [19/Aug/2025 11:44:45] "GET /view/off_ice_analysis_benchpress.mp4 HTTP/1.1" 206 -
127.0.0.1 - - [19/Aug/2025 11:44:45] "GET /view/off_ice_skeleton_benchpress.mp4 HTTP/1.1" 206 -
127.0.0.1 - - [19/Aug/2025 11:45:17] "GET /download/off_ice_metrics_benchpress.csv HTTP/1.1" 200 -
Tue Aug 19 11:50:56 CDT 2025: Off-Ice Analysis App stopped
Tue Aug 19 11:50:59 CDT 2025: Starting Off-Ice Analysis App...
Tue Aug 19 11:50:59 CDT 2025: Off-Ice Analysis App started with PID 9751
🏋️ OFF-ICE ANALYSIS APP STARTING - MEDIAPIPE ONLY! 🏋️
   Port: 8238 | Focus: General person detection & exercise analysis
🏋️ Off-Ice Analysis App starting on port 8238
   MediaPipe pose detection only - lightweight and fast
 * Serving Flask app 'app'
 * Debug mode: off
WARNING: This is a development server. Do not use it in a production deployment. Use a production WSGI server instead.
 * Running on http://127.0.0.1:8238
Press CTRL+C to quit
Tue Aug 19 11:55:21 CDT 2025: Off-Ice Analysis App stopped
Tue Aug 19 11:55:24 CDT 2025: Starting Off-Ice Analysis App...
Tue Aug 19 11:55:24 CDT 2025: Off-Ice Analysis App started with PID 9916
🏋️ OFF-ICE ANALYSIS APP STARTING - MEDIAPIPE ONLY! 🏋️
   Port: 8238 | Focus: General person detection & exercise analysis
🏋️ Off-Ice Analysis App starting on port 8238
   MediaPipe pose detection only - lightweight and fast
 * Serving Flask app 'app'
 * Debug mode: off
WARNING: This is a development server. Do not use it in a production deployment. Use a production WSGI server instead.
 * Running on http://127.0.0.1:8238
Press CTRL+C to quit
Tue Aug 19 11:55:51 CDT 2025: Off-Ice Analysis App stopped
Tue Aug 19 11:55:55 CDT 2025: Starting Off-Ice Analysis App...
Tue Aug 19 11:55:55 CDT 2025: Off-Ice Analysis App started with PID 10001
🏋️ OFF-ICE ANALYSIS APP STARTING - MEDIAPIPE ONLY! 🏋️
   Port: 8238 | Focus: General person detection & exercise analysis
🏋️ Off-Ice Analysis App starting on port 8238
   MediaPipe pose detection only - lightweight and fast
 * Serving Flask app 'app'
 * Debug mode: off
WARNING: This is a development server. Do not use it in a production deployment. Use a production WSGI server instead.
 * Running on http://127.0.0.1:8238
Press CTRL+C to quit
Tue Aug 19 12:07:58 CDT 2025: Off-Ice Analysis App stopped
Tue Aug 19 12:08:01 CDT 2025: Starting Off-Ice Analysis App...
Tue Aug 19 12:08:01 CDT 2025: Off-Ice Analysis App started with PID 10210
🏋️ OFF-ICE ANALYSIS APP STARTING - MEDIAPIPE ONLY! 🏋️
   Port: 8238 | Focus: General person detection & exercise analysis
🏋️ Off-Ice Analysis App starting on port 8238
   MediaPipe pose detection only - lightweight and fast
 * Serving Flask app 'app'
 * Debug mode: off
WARNING: This is a development server. Do not use it in a production deployment. Use a production WSGI server instead.
 * Running on http://127.0.0.1:8238
Press CTRL+C to quit
Tue Aug 19 12:16:05 CDT 2025: Off-Ice Analysis App stopped
Tue Aug 19 12:16:09 CDT 2025: Starting Off-Ice Analysis App...
Tue Aug 19 12:16:09 CDT 2025: Off-Ice Analysis App started with PID 10430
🏋️ OFF-ICE ANALYSIS APP STARTING - MEDIAPIPE ONLY! 🏋️
   Port: 8238 | Focus: General person detection & exercise analysis
🏋️ Off-Ice Analysis App starting on port 8238
   MediaPipe pose detection only - lightweight and fast
 * Serving Flask app 'app'
 * Debug mode: off
WARNING: This is a development server. Do not use it in a production deployment. Use a production WSGI server instead.
 * Running on http://127.0.0.1:8238
Press CTRL+C to quit
Tue Aug 19 12:19:02 CDT 2025: Off-Ice Analysis App stopped
Tue Aug 19 12:19:06 CDT 2025: Starting Off-Ice Analysis App...
Tue Aug 19 12:19:06 CDT 2025: Off-Ice Analysis App started with PID 10545
🏋️ OFF-ICE ANALYSIS APP STARTING - MEDIAPIPE ONLY! 🏋️
   Port: 8238 | Focus: General person detection & exercise analysis
🏋️ Off-Ice Analysis App starting on port 8238
   MediaPipe pose detection only - lightweight and fast
 * Serving Flask app 'app'
 * Debug mode: off
WARNING: This is a development server. Do not use it in a production deployment. Use a production WSGI server instead.
 * Running on http://127.0.0.1:8238
Press CTRL+C to quit
Tue Aug 19 12:21:26 CDT 2025: Off-Ice Analysis App stopped
Tue Aug 19 12:21:32 CDT 2025: Starting Off-Ice Analysis App...
Tue Aug 19 12:21:32 CDT 2025: Off-Ice Analysis App started with PID 10655
🏋️ OFF-ICE ANALYSIS APP STARTING - MEDIAPIPE ONLY! 🏋️
   Port: 8238 | Focus: General person detection & exercise analysis
🏋️ Off-Ice Analysis App starting on port 8238
   MediaPipe pose detection only - lightweight and fast
 * Serving Flask app 'app'
 * Debug mode: off
WARNING: This is a development server. Do not use it in a production deployment. Use a production WSGI server instead.
 * Running on http://127.0.0.1:8238
Press CTRL+C to quit
Tue Aug 19 12:26:02 CDT 2025: Off-Ice Analysis App stopped
Tue Aug 19 12:26:06 CDT 2025: Starting Off-Ice Analysis App...
Tue Aug 19 12:26:06 CDT 2025: Off-Ice Analysis App started with PID 10872
🏋️ OFF-ICE ANALYSIS APP STARTING - MEDIAPIPE ONLY! 🏋️
   Port: 8238 | Focus: General person detection & exercise analysis
🏋️ Off-Ice Analysis App starting on port 8238
   MediaPipe pose detection only - lightweight and fast
 * Serving Flask app 'app'
 * Debug mode: off
WARNING: This is a development server. Do not use it in a production deployment. Use a production WSGI server instead.
 * Running on http://127.0.0.1:8238
Press CTRL+C to quit
Tue Aug 19 12:27:42 CDT 2025: Off-Ice Analysis App stopped
Tue Aug 19 12:27:48 CDT 2025: Starting Off-Ice Analysis App...
Tue Aug 19 12:27:48 CDT 2025: Off-Ice Analysis App started with PID 11000
🏋️ OFF-ICE ANALYSIS APP STARTING - MEDIAPIPE ONLY! 🏋️
   Port: 8238 | Focus: General person detection & exercise analysis
🏋️ Off-Ice Analysis App starting on port 8238
   MediaPipe pose detection only - lightweight and fast
 * Serving Flask app 'app'
 * Debug mode: off
WARNING: This is a development server. Do not use it in a production deployment. Use a production WSGI server instead.
 * Running on http://127.0.0.1:8238
Press CTRL+C to quit
Tue Aug 19 12:30:35 CDT 2025: Off-Ice Analysis App stopped
Tue Aug 19 12:30:38 CDT 2025: Starting Off-Ice Analysis App...
Tue Aug 19 12:30:38 CDT 2025: Off-Ice Analysis App started with PID 11110
🏋️ OFF-ICE ANALYSIS APP STARTING - MEDIAPIPE ONLY! 🏋️
   Port: 8238 | Focus: General person detection & exercise analysis
🏋️ Off-Ice Analysis App starting on port 8238
   MediaPipe pose detection only - lightweight and fast
 * Serving Flask app 'app'
 * Debug mode: off
WARNING: This is a development server. Do not use it in a production deployment. Use a production WSGI server instead.
 * Running on http://127.0.0.1:8238
Press CTRL+C to quit
Tue Aug 19 12:34:36 CDT 2025: Off-Ice Analysis App stopped
Tue Aug 19 12:34:42 CDT 2025: Starting Off-Ice Analysis App...
Tue Aug 19 12:34:42 CDT 2025: Off-Ice Analysis App started with PID 11339
🏋️ OFF-ICE ANALYSIS APP STARTING - MEDIAPIPE ONLY! 🏋️
   Port: 8238 | Focus: General person detection & exercise analysis
🏋️ Off-Ice Analysis App starting on port 8238
   MediaPipe pose detection only - lightweight and fast
 * Serving Flask app 'app'
 * Debug mode: off
WARNING: This is a development server. Do not use it in a production deployment. Use a production WSGI server instead.
 * Running on http://127.0.0.1:8238
Press CTRL+C to quit
Tue Aug 19 12:38:29 CDT 2025: Off-Ice Analysis App stopped
Tue Aug 19 12:38:33 CDT 2025: Starting Off-Ice Analysis App...
Tue Aug 19 12:38:33 CDT 2025: Off-Ice Analysis App started with PID 11441
🏋️ OFF-ICE ANALYSIS APP STARTING - MEDIAPIPE ONLY! 🏋️
   Port: 8238 | Focus: General person detection & exercise analysis
🏋️ Off-Ice Analysis App starting on port 8238
   MediaPipe pose detection only - lightweight and fast
 * Serving Flask app 'app'
 * Debug mode: off
WARNING: This is a development server. Do not use it in a production deployment. Use a production WSGI server instead.
 * Running on http://127.0.0.1:8238
Press CTRL+C to quit
Tue Aug 19 12:40:24 CDT 2025: Off-Ice Analysis App stopped
Tue Aug 19 12:40:28 CDT 2025: Starting Off-Ice Analysis App...
Tue Aug 19 12:40:28 CDT 2025: Off-Ice Analysis App started with PID 11552
🏋️ OFF-ICE ANALYSIS APP STARTING - MEDIAPIPE ONLY! 🏋️
   Port: 8238 | Focus: General person detection & exercise analysis
🏋️ Off-Ice Analysis App starting on port 8238
   MediaPipe pose detection only - lightweight and fast
 * Serving Flask app 'app'
 * Debug mode: off
WARNING: This is a development server. Do not use it in a production deployment. Use a production WSGI server instead.
 * Running on http://127.0.0.1:8238
Press CTRL+C to quit
Tue Aug 19 12:54:36 CDT 2025: Off-Ice Analysis App stopped
Tue Aug 19 12:54:41 CDT 2025: Starting Off-Ice Analysis App...
Tue Aug 19 12:54:41 CDT 2025: Off-Ice Analysis App started with PID 11785
🏋️ OFF-ICE ANALYSIS APP STARTING - MEDIAPIPE ONLY! 🏋️
   Port: 8238 | Focus: General person detection & exercise analysis
🏋️ Off-Ice Analysis App starting on port 8238
   MediaPipe pose detection only - lightweight and fast
 * Serving Flask app 'app'
 * Debug mode: off
WARNING: This is a development server. Do not use it in a production deployment. Use a production WSGI server instead.
 * Running on http://127.0.0.1:8238
Press CTRL+C to quit
Tue Aug 19 12:57:08 CDT 2025: Off-Ice Analysis App stopped
Tue Aug 19 12:57:08 CDT 2025: Starting Off-Ice Analysis App...
Tue Aug 19 12:57:08 CDT 2025: Off-Ice Analysis App started with PID 11903
🏋️ OFF-ICE ANALYSIS APP STARTING - MEDIAPIPE ONLY! 🏋️
   Port: 8238 | Focus: General person detection & exercise analysis
🏋️ Off-Ice Analysis App starting on port 8238
   MediaPipe pose detection only - lightweight and fast
 * Serving Flask app 'app'
 * Debug mode: off
WARNING: This is a development server. Do not use it in a production deployment. Use a production WSGI server instead.
 * Running on http://127.0.0.1:8238
Press CTRL+C to quit
Tue Aug 19 12:57:57 CDT 2025: Off-Ice Analysis App stopped
Tue Aug 19 12:57:57 CDT 2025: Starting Off-Ice Analysis App...
Tue Aug 19 12:57:57 CDT 2025: Off-Ice Analysis App started with PID 11989
🏋️ OFF-ICE ANALYSIS APP STARTING - MEDIAPIPE ONLY! 🏋️
   Port: 8238 | Focus: General person detection & exercise analysis
🏋️ Off-Ice Analysis App starting on port 8238
   MediaPipe pose detection only - lightweight and fast
 * Serving Flask app 'app'
 * Debug mode: off
WARNING: This is a development server. Do not use it in a production deployment. Use a production WSGI server instead.
 * Running on http://127.0.0.1:8238
Press CTRL+C to quit
Tue Aug 19 12:58:52 CDT 2025: Off-Ice Analysis App stopped
Tue Aug 19 12:58:52 CDT 2025: Starting Off-Ice Analysis App...
Tue Aug 19 12:58:52 CDT 2025: Off-Ice Analysis App started with PID 12078
🏋️ OFF-ICE ANALYSIS APP STARTING - MEDIAPIPE ONLY! 🏋️
   Port: 8238 | Focus: General person detection & exercise analysis
🏋️ Off-Ice Analysis App starting on port 8238
   MediaPipe pose detection only - lightweight and fast
 * Serving Flask app 'app'
 * Debug mode: off
WARNING: This is a development server. Do not use it in a production deployment. Use a production WSGI server instead.
 * Running on http://127.0.0.1:8238
Press CTRL+C to quit
Tue Aug 19 13:00:47 CDT 2025: Off-Ice Analysis App stopped
Tue Aug 19 13:00:47 CDT 2025: Starting Off-Ice Analysis App...
Tue Aug 19 13:00:47 CDT 2025: Off-Ice Analysis App started with PID 12160
🏋️ OFF-ICE ANALYSIS APP STARTING - MEDIAPIPE ONLY! 🏋️
   Port: 8238 | Focus: General person detection & exercise analysis
🏋️ Off-Ice Analysis App starting on port 8238
   MediaPipe pose detection only - lightweight and fast
 * Serving Flask app 'app'
 * Debug mode: off
WARNING: This is a development server. Do not use it in a production deployment. Use a production WSGI server instead.
 * Running on http://127.0.0.1:8238
Press CTRL+C to quit
Tue Aug 19 13:03:04 CDT 2025: Off-Ice Analysis App stopped
Tue Aug 19 13:03:04 CDT 2025: Starting Off-Ice Analysis App...
Tue Aug 19 13:03:04 CDT 2025: Off-Ice Analysis App started with PID 12273
🏋️ OFF-ICE ANALYSIS APP STARTING - MEDIAPIPE ONLY! 🏋️
   Port: 8238 | Focus: General person detection & exercise analysis
🏋️ Off-Ice Analysis App starting on port 8238
   MediaPipe pose detection only - lightweight and fast
 * Serving Flask app 'app'
 * Debug mode: off
WARNING: This is a development server. Do not use it in a production deployment. Use a production WSGI server instead.
 * Running on http://127.0.0.1:8238
Press CTRL+C to quit
Tue Aug 19 13:07:02 CDT 2025: Off-Ice Analysis App stopped
Tue Aug 19 13:07:02 CDT 2025: Starting Off-Ice Analysis App...
Tue Aug 19 13:07:02 CDT 2025: Off-Ice Analysis App started with PID 12453
🏋️ OFF-ICE ANALYSIS APP STARTING - MEDIAPIPE ONLY! 🏋️
   Port: 8238 | Focus: General person detection & exercise analysis
🏋️ Off-Ice Analysis App starting on port 8238
   MediaPipe pose detection only - lightweight and fast
 * Serving Flask app 'app'
 * Debug mode: off
WARNING: This is a development server. Do not use it in a production deployment. Use a production WSGI server instead.
 * Running on http://127.0.0.1:8238
Press CTRL+C to quit
Tue Aug 19 13:09:46 CDT 2025: Off-Ice Analysis App stopped
Tue Aug 19 13:09:46 CDT 2025: Starting Off-Ice Analysis App...
Tue Aug 19 13:09:46 CDT 2025: Off-Ice Analysis App started with PID 12589
🏋️ OFF-ICE ANALYSIS APP STARTING - MEDIAPIPE ONLY! 🏋️
   Port: 8238 | Focus: General person detection & exercise analysis
🏋️ Off-Ice Analysis App starting on port 8238
   MediaPipe pose detection only - lightweight and fast
 * Serving Flask app 'app'
 * Debug mode: off
WARNING: This is a development server. Do not use it in a production deployment. Use a production WSGI server instead.
 * Running on http://127.0.0.1:8238
Press CTRL+C to quit
