
> hockey-practice-planner@1.0.0 dev
> next dev

  ▲ Next.js 14.2.32
  - Local:        http://localhost:3000

 ✓ Starting...
 ✓ Ready in 1235ms
 ○ Compiling / ...
 ✓ Compiled / in 1362ms (1115 modules)
 GET / 200 in 1508ms
 ✓ Compiled in 162ms (566 modules)
 GET / 200 in 49ms
 GET / 200 in 65ms
 GET / 200 in 51ms
 GET / 200 in 31ms
 GET / 200 in 27ms
 GET / 200 in 92ms
 GET / 200 in 260ms
 GET / 200 in 216ms
 GET / 200 in 84ms
 GET / 200 in 55ms
 GET / 200 in 198ms
 GET / 200 in 65ms
 GET / 200 in 33ms
 GET / 200 in 61ms
 ✓ Compiled in 1092ms (1115 modules)
 ✓ Compiled in 289ms (1115 modules)
 ✓ Compiled in 167ms (1115 modules)
 ✓ Compiled in 311ms (1115 modules)
 ✓ Compiled in 158ms (1115 modules)
 ✓ Compiled in 278ms (1115 modules)
 ✓ Compiled in 173ms (1115 modules)
 ✓ Compiled in 237ms (1115 modules)
 ✓ Compiled in 145ms (1115 modules)
 ✓ Compiled in 350ms (1115 modules)
 ✓ Compiled in 247ms (1115 modules)
 ✓ Compiled in 305ms (1115 modules)
 ✓ Compiled in 170ms (1115 modules)
 ✓ Compiled in 201ms (1115 modules)
 ✓ Compiled in 193ms (1115 modules)
 ✓ Compiled in 160ms (1115 modules)
 ✓ Compiled in 160ms (1115 modules)
 GET / 200 in 104ms
 ✓ Compiled in 393ms (1115 modules)
 ✓ Compiled in 435ms (1115 modules)
 ✓ Compiled in 150ms (1115 modules)
 ⚠ Fast Refresh had to perform a full reload due to a runtime error.
 GET / 200 in 109ms
 ✓ Compiled in 200ms (1115 modules)
 ✓ Compiled in 255ms (1115 modules)
 GET / 200 in 90ms
 ✓ Compiled in 250ms (1115 modules)
 ✓ Compiled in 427ms (1115 modules)
 ✓ Compiled in 230ms (1115 modules)
 ✓ Compiled in 195ms (1115 modules)
 ✓ Compiled in 165ms (1115 modules)
 GET / 200 in 100ms
 ✓ Compiled in 366ms (1115 modules)
[?25h
