Tue Aug 19 11:22:31 CDT 2025: Starting Goalie Analysis App...
Tue Aug 19 11:22:31 CDT 2025: Goalie Analysis App started with PID 8566
🥅 GOALIE ANALYSIS APP STARTING - SPECIALIZED TRACKING! 🥅
   Port: 8239 | Focus: Goalie movement & save mechanics
🥅 Goalie Analysis App starting on port 8239
   Specialized goalie tracking algorithms - optimized for hockey
 * Serving Flask app 'app'
 * Debug mode: off
WARNING: This is a development server. Do not use it in a production deployment. Use a production WSGI server instead.
 * Running on http://127.0.0.1:8239
Press CTRL+C to quit
127.0.0.1 - - [19/Aug/2025 11:22:41] "GET / HTTP/1.1" 200 -
127.0.0.1 - - [19/Aug/2025 11:22:41] "GET /favicon.ico HTTP/1.1" 404 -
Tue Aug 19 11:30:02 CDT 2025: Goalie Analysis App stopped
Tue Aug 19 11:30:08 CDT 2025: Starting Goalie Analysis App...
Tue Aug 19 11:30:08 CDT 2025: Goalie Analysis App started with PID 8868
🥅 GOALIE ANALYSIS APP STARTING - SPECIALIZED TRACKING! 🥅
   Port: 8239 | Focus: Goalie movement & save mechanics
🥅 Goalie Analysis App starting on port 8239
   Specialized goalie tracking algorithms - optimized for hockey
 * Serving Flask app 'app'
 * Debug mode: off
WARNING: This is a development server. Do not use it in a production deployment. Use a production WSGI server instead.
 * Running on http://127.0.0.1:8239
Press CTRL+C to quit
127.0.0.1 - - [19/Aug/2025 11:30:15] "GET / HTTP/1.1" 200 -
127.0.0.1 - - [19/Aug/2025 11:34:00] "POST /upload HTTP/1.1" 200 -
127.0.0.1 - - [19/Aug/2025 11:34:00] "POST /analyze HTTP/1.1" 200 -
WARNING: All log messages before absl::InitializeLog() is called are written to STDERR
I0000 00:00:1755621241.211699  489141 gl_context.cc:369] GL version: 2.1 (2.1 Metal - 89.4), renderer: Apple M2
INFO: Created TensorFlow Lite XNNPACK delegate for CPU.
W0000 00:00:1755621241.295412  489150 inference_feedback_manager.cc:114] Feedback manager requires a model with a single signature inference. Disabling support for feedback tensors.
W0000 00:00:1755621241.309867  489153 inference_feedback_manager.cc:114] Feedback manager requires a model with a single signature inference. Disabling support for feedback tensors.
127.0.0.1 - - [19/Aug/2025 11:34:01] "GET /detect_goalie/SEA_vs_MON.mp4 HTTP/1.1" 200 -
I0000 00:00:1755621246.413529  489204 gl_context.cc:369] GL version: 2.1 (2.1 Metal - 89.4), renderer: Apple M2
W0000 00:00:1755621246.508138  489207 inference_feedback_manager.cc:114] Feedback manager requires a model with a single signature inference. Disabling support for feedback tensors.
W0000 00:00:1755621246.521281  489209 inference_feedback_manager.cc:114] Feedback manager requires a model with a single signature inference. Disabling support for feedback tensors.
W0000 00:00:1755621246.573189  489208 landmark_projection_calculator.cc:186] Using NORM_RECT without IMAGE_DIMENSIONS is only supported for the square ROI. Provide IMAGE_DIMENSIONS or use PROJECTION_MATRIX.
127.0.0.1 - - [19/Aug/2025 11:34:11] "POST /process_goalie_analysis HTTP/1.1" 200 -
127.0.0.1 - - [19/Aug/2025 11:34:12] "GET /view/goalie_annotated_SEA_vs_MON.mp4 HTTP/1.1" 404 -
127.0.0.1 - - [19/Aug/2025 11:34:25] "GET /download/goalie_metrics_SEA_vs_MON.csv HTTP/1.1" 404 -
Tue Aug 19 11:40:19 CDT 2025: Goalie Analysis App stopped
Tue Aug 19 11:40:21 CDT 2025: Starting Goalie Analysis App...
Tue Aug 19 11:40:21 CDT 2025: Goalie Analysis App started with PID 9155
🥅 GOALIE ANALYSIS APP STARTING - SPECIALIZED TRACKING! 🥅
   Port: 8239 | Focus: Goalie movement & save mechanics
🥅 Goalie Analysis App starting on port 8239
   Specialized goalie tracking algorithms - optimized for hockey
 * Serving Flask app 'app'
 * Debug mode: off
WARNING: This is a development server. Do not use it in a production deployment. Use a production WSGI server instead.
 * Running on http://127.0.0.1:8239
Press CTRL+C to quit
127.0.0.1 - - [19/Aug/2025 11:40:26] "GET / HTTP/1.1" 200 -
Tue Aug 19 11:44:18 CDT 2025: Goalie Analysis App stopped
Tue Aug 19 11:44:21 CDT 2025: Starting Goalie Analysis App...
Tue Aug 19 11:44:21 CDT 2025: Goalie Analysis App started with PID 9380
🥅 GOALIE ANALYSIS APP STARTING - SPECIALIZED TRACKING! 🥅
   Port: 8239 | Focus: Goalie movement & save mechanics
🥅 Goalie Analysis App starting on port 8239
   Specialized goalie tracking algorithms - optimized for hockey
 * Serving Flask app 'app'
 * Debug mode: off
WARNING: This is a development server. Do not use it in a production deployment. Use a production WSGI server instead.
 * Running on http://127.0.0.1:8239
Press CTRL+C to quit
127.0.0.1 - - [19/Aug/2025 11:44:25] "GET / HTTP/1.1" 200 -
127.0.0.1 - - [19/Aug/2025 11:45:53] "POST /upload HTTP/1.1" 200 -
127.0.0.1 - - [19/Aug/2025 11:45:53] "POST /analyze HTTP/1.1" 200 -
WARNING: All log messages before absl::InitializeLog() is called are written to STDERR
I0000 00:00:1755621954.085852  504436 gl_context.cc:369] GL version: 2.1 (2.1 Metal - 89.4), renderer: Apple M2
INFO: Created TensorFlow Lite XNNPACK delegate for CPU.
W0000 00:00:1755621954.174169  504446 inference_feedback_manager.cc:114] Feedback manager requires a model with a single signature inference. Disabling support for feedback tensors.
W0000 00:00:1755621954.189040  504445 inference_feedback_manager.cc:114] Feedback manager requires a model with a single signature inference. Disabling support for feedback tensors.
127.0.0.1 - - [19/Aug/2025 11:45:54] "GET /detect_goalie/SEA_vs_MON.mp4 HTTP/1.1" 200 -
I0000 00:00:1755621956.162935  504495 gl_context.cc:369] GL version: 2.1 (2.1 Metal - 89.4), renderer: Apple M2
W0000 00:00:1755621956.250407  504496 inference_feedback_manager.cc:114] Feedback manager requires a model with a single signature inference. Disabling support for feedback tensors.
W0000 00:00:1755621956.261856  504503 inference_feedback_manager.cc:114] Feedback manager requires a model with a single signature inference. Disabling support for feedback tensors.
W0000 00:00:1755621956.314648  504500 landmark_projection_calculator.cc:186] Using NORM_RECT without IMAGE_DIMENSIONS is only supported for the square ROI. Provide IMAGE_DIMENSIONS or use PROJECTION_MATRIX.
127.0.0.1 - - [19/Aug/2025 11:46:01] "POST /process_goalie_analysis HTTP/1.1" 200 -
127.0.0.1 - - [19/Aug/2025 11:46:01] "GET /view/goalie_annotated_SEA_vs_MON.mp4 HTTP/1.1" 206 -
127.0.0.1 - - [19/Aug/2025 11:46:01] "GET /view/goalie_annotated_SEA_vs_MON.mp4 HTTP/1.1" 206 -
127.0.0.1 - - [19/Aug/2025 11:46:14] "GET /download/goalie_metrics_SEA_vs_MON.csv HTTP/1.1" 200 -
Tue Aug 19 11:50:56 CDT 2025: Goalie Analysis App stopped
Tue Aug 19 11:50:59 CDT 2025: Starting Goalie Analysis App...
Tue Aug 19 11:50:59 CDT 2025: Goalie Analysis App started with PID 9762
🥅 GOALIE ANALYSIS APP STARTING - SPECIALIZED TRACKING! 🥅
   Port: 8239 | Focus: Goalie movement & save mechanics
🥅 Goalie Analysis App starting on port 8239
   Specialized goalie tracking algorithms - optimized for hockey
 * Serving Flask app 'app'
 * Debug mode: off
WARNING: This is a development server. Do not use it in a production deployment. Use a production WSGI server instead.
 * Running on http://127.0.0.1:8239
Press CTRL+C to quit
Tue Aug 19 11:55:21 CDT 2025: Goalie Analysis App stopped
Tue Aug 19 11:55:24 CDT 2025: Starting Goalie Analysis App...
Tue Aug 19 11:55:24 CDT 2025: Goalie Analysis App started with PID 9927
🥅 GOALIE ANALYSIS APP STARTING - SPECIALIZED TRACKING! 🥅
   Port: 8239 | Focus: Goalie movement & save mechanics
🥅 Goalie Analysis App starting on port 8239
   Specialized goalie tracking algorithms - optimized for hockey
 * Serving Flask app 'app'
 * Debug mode: off
WARNING: This is a development server. Do not use it in a production deployment. Use a production WSGI server instead.
 * Running on http://127.0.0.1:8239
Press CTRL+C to quit
Tue Aug 19 11:55:51 CDT 2025: Goalie Analysis App stopped
Tue Aug 19 11:55:55 CDT 2025: Starting Goalie Analysis App...
Tue Aug 19 11:55:55 CDT 2025: Goalie Analysis App started with PID 10012
🥅 GOALIE ANALYSIS APP STARTING - SPECIALIZED TRACKING! 🥅
   Port: 8239 | Focus: Goalie movement & save mechanics
🥅 Goalie Analysis App starting on port 8239
   Specialized goalie tracking algorithms - optimized for hockey
 * Serving Flask app 'app'
 * Debug mode: off
WARNING: This is a development server. Do not use it in a production deployment. Use a production WSGI server instead.
 * Running on http://127.0.0.1:8239
Press CTRL+C to quit
Tue Aug 19 12:07:58 CDT 2025: Goalie Analysis App stopped
Tue Aug 19 12:08:01 CDT 2025: Starting Goalie Analysis App...
Tue Aug 19 12:08:01 CDT 2025: Goalie Analysis App started with PID 10221
🥅 GOALIE ANALYSIS APP STARTING - SPECIALIZED TRACKING! 🥅
   Port: 8239 | Focus: Goalie movement & save mechanics
🥅 Goalie Analysis App starting on port 8239
   Specialized goalie tracking algorithms - optimized for hockey
 * Serving Flask app 'app'
 * Debug mode: off
WARNING: This is a development server. Do not use it in a production deployment. Use a production WSGI server instead.
 * Running on http://127.0.0.1:8239
Press CTRL+C to quit
Tue Aug 19 12:16:05 CDT 2025: Goalie Analysis App stopped
Tue Aug 19 12:16:09 CDT 2025: Starting Goalie Analysis App...
Tue Aug 19 12:16:09 CDT 2025: Goalie Analysis App started with PID 10441
🥅 GOALIE ANALYSIS APP STARTING - SPECIALIZED TRACKING! 🥅
   Port: 8239 | Focus: Goalie movement & save mechanics
🥅 Goalie Analysis App starting on port 8239
   Specialized goalie tracking algorithms - optimized for hockey
 * Serving Flask app 'app'
 * Debug mode: off
WARNING: This is a development server. Do not use it in a production deployment. Use a production WSGI server instead.
 * Running on http://127.0.0.1:8239
Press CTRL+C to quit
Tue Aug 19 12:19:02 CDT 2025: Goalie Analysis App stopped
Tue Aug 19 12:19:06 CDT 2025: Starting Goalie Analysis App...
Tue Aug 19 12:19:06 CDT 2025: Goalie Analysis App started with PID 10556
🥅 GOALIE ANALYSIS APP STARTING - SPECIALIZED TRACKING! 🥅
   Port: 8239 | Focus: Goalie movement & save mechanics
🥅 Goalie Analysis App starting on port 8239
   Specialized goalie tracking algorithms - optimized for hockey
 * Serving Flask app 'app'
 * Debug mode: off
WARNING: This is a development server. Do not use it in a production deployment. Use a production WSGI server instead.
 * Running on http://127.0.0.1:8239
Press CTRL+C to quit
Tue Aug 19 12:21:26 CDT 2025: Goalie Analysis App stopped
Tue Aug 19 12:21:32 CDT 2025: Starting Goalie Analysis App...
Tue Aug 19 12:21:32 CDT 2025: Goalie Analysis App started with PID 10666
🥅 GOALIE ANALYSIS APP STARTING - SPECIALIZED TRACKING! 🥅
   Port: 8239 | Focus: Goalie movement & save mechanics
🥅 Goalie Analysis App starting on port 8239
   Specialized goalie tracking algorithms - optimized for hockey
 * Serving Flask app 'app'
 * Debug mode: off
WARNING: This is a development server. Do not use it in a production deployment. Use a production WSGI server instead.
 * Running on http://127.0.0.1:8239
Press CTRL+C to quit
Tue Aug 19 12:26:02 CDT 2025: Goalie Analysis App stopped
Tue Aug 19 12:26:06 CDT 2025: Starting Goalie Analysis App...
Tue Aug 19 12:26:06 CDT 2025: Goalie Analysis App started with PID 10883
🥅 GOALIE ANALYSIS APP STARTING - SPECIALIZED TRACKING! 🥅
   Port: 8239 | Focus: Goalie movement & save mechanics
🥅 Goalie Analysis App starting on port 8239
   Specialized goalie tracking algorithms - optimized for hockey
 * Serving Flask app 'app'
 * Debug mode: off
WARNING: This is a development server. Do not use it in a production deployment. Use a production WSGI server instead.
 * Running on http://127.0.0.1:8239
Press CTRL+C to quit
Tue Aug 19 12:27:42 CDT 2025: Goalie Analysis App stopped
Tue Aug 19 12:27:48 CDT 2025: Starting Goalie Analysis App...
Tue Aug 19 12:27:48 CDT 2025: Goalie Analysis App started with PID 11011
🥅 GOALIE ANALYSIS APP STARTING - SPECIALIZED TRACKING! 🥅
   Port: 8239 | Focus: Goalie movement & save mechanics
🥅 Goalie Analysis App starting on port 8239
   Specialized goalie tracking algorithms - optimized for hockey
 * Serving Flask app 'app'
 * Debug mode: off
WARNING: This is a development server. Do not use it in a production deployment. Use a production WSGI server instead.
 * Running on http://127.0.0.1:8239
Press CTRL+C to quit
Tue Aug 19 12:30:35 CDT 2025: Goalie Analysis App stopped
Tue Aug 19 12:30:38 CDT 2025: Starting Goalie Analysis App...
Tue Aug 19 12:30:38 CDT 2025: Goalie Analysis App started with PID 11121
🥅 GOALIE ANALYSIS APP STARTING - SPECIALIZED TRACKING! 🥅
   Port: 8239 | Focus: Goalie movement & save mechanics
🥅 Goalie Analysis App starting on port 8239
   Specialized goalie tracking algorithms - optimized for hockey
 * Serving Flask app 'app'
 * Debug mode: off
WARNING: This is a development server. Do not use it in a production deployment. Use a production WSGI server instead.
 * Running on http://127.0.0.1:8239
Press CTRL+C to quit
Tue Aug 19 12:34:36 CDT 2025: Goalie Analysis App stopped
Tue Aug 19 12:34:42 CDT 2025: Starting Goalie Analysis App...
Tue Aug 19 12:34:42 CDT 2025: Goalie Analysis App started with PID 11350
🥅 GOALIE ANALYSIS APP STARTING - SPECIALIZED TRACKING! 🥅
   Port: 8239 | Focus: Goalie movement & save mechanics
🥅 Goalie Analysis App starting on port 8239
   Specialized goalie tracking algorithms - optimized for hockey
 * Serving Flask app 'app'
 * Debug mode: off
WARNING: This is a development server. Do not use it in a production deployment. Use a production WSGI server instead.
 * Running on http://127.0.0.1:8239
Press CTRL+C to quit
Tue Aug 19 12:38:29 CDT 2025: Goalie Analysis App stopped
Tue Aug 19 12:38:33 CDT 2025: Starting Goalie Analysis App...
Tue Aug 19 12:38:33 CDT 2025: Goalie Analysis App started with PID 11452
🥅 GOALIE ANALYSIS APP STARTING - SPECIALIZED TRACKING! 🥅
   Port: 8239 | Focus: Goalie movement & save mechanics
🥅 Goalie Analysis App starting on port 8239
   Specialized goalie tracking algorithms - optimized for hockey
 * Serving Flask app 'app'
 * Debug mode: off
WARNING: This is a development server. Do not use it in a production deployment. Use a production WSGI server instead.
 * Running on http://127.0.0.1:8239
Press CTRL+C to quit
Tue Aug 19 12:40:24 CDT 2025: Goalie Analysis App stopped
Tue Aug 19 12:40:28 CDT 2025: Starting Goalie Analysis App...
Tue Aug 19 12:40:28 CDT 2025: Goalie Analysis App started with PID 11563
🥅 GOALIE ANALYSIS APP STARTING - SPECIALIZED TRACKING! 🥅
   Port: 8239 | Focus: Goalie movement & save mechanics
🥅 Goalie Analysis App starting on port 8239
   Specialized goalie tracking algorithms - optimized for hockey
 * Serving Flask app 'app'
 * Debug mode: off
WARNING: This is a development server. Do not use it in a production deployment. Use a production WSGI server instead.
 * Running on http://127.0.0.1:8239
Press CTRL+C to quit
Tue Aug 19 12:54:36 CDT 2025: Goalie Analysis App stopped
Tue Aug 19 12:54:41 CDT 2025: Starting Goalie Analysis App...
Tue Aug 19 12:54:41 CDT 2025: Goalie Analysis App started with PID 11796
🥅 GOALIE ANALYSIS APP STARTING - SPECIALIZED TRACKING! 🥅
   Port: 8239 | Focus: Goalie movement & save mechanics
🥅 Goalie Analysis App starting on port 8239
   Specialized goalie tracking algorithms - optimized for hockey
 * Serving Flask app 'app'
 * Debug mode: off
WARNING: This is a development server. Do not use it in a production deployment. Use a production WSGI server instead.
 * Running on http://127.0.0.1:8239
Press CTRL+C to quit
Tue Aug 19 12:57:08 CDT 2025: Goalie Analysis App stopped
Tue Aug 19 12:57:08 CDT 2025: Starting Goalie Analysis App...
Tue Aug 19 12:57:08 CDT 2025: Goalie Analysis App started with PID 11914
🥅 GOALIE ANALYSIS APP STARTING - SPECIALIZED TRACKING! 🥅
   Port: 8239 | Focus: Goalie movement & save mechanics
🥅 Goalie Analysis App starting on port 8239
   Specialized goalie tracking algorithms - optimized for hockey
 * Serving Flask app 'app'
 * Debug mode: off
WARNING: This is a development server. Do not use it in a production deployment. Use a production WSGI server instead.
 * Running on http://127.0.0.1:8239
Press CTRL+C to quit
Tue Aug 19 12:57:57 CDT 2025: Goalie Analysis App stopped
Tue Aug 19 12:57:57 CDT 2025: Starting Goalie Analysis App...
Tue Aug 19 12:57:57 CDT 2025: Goalie Analysis App started with PID 12000
🥅 GOALIE ANALYSIS APP STARTING - SPECIALIZED TRACKING! 🥅
   Port: 8239 | Focus: Goalie movement & save mechanics
🥅 Goalie Analysis App starting on port 8239
   Specialized goalie tracking algorithms - optimized for hockey
 * Serving Flask app 'app'
 * Debug mode: off
WARNING: This is a development server. Do not use it in a production deployment. Use a production WSGI server instead.
 * Running on http://127.0.0.1:8239
Press CTRL+C to quit
Tue Aug 19 12:58:52 CDT 2025: Goalie Analysis App stopped
Tue Aug 19 12:58:52 CDT 2025: Starting Goalie Analysis App...
Tue Aug 19 12:58:52 CDT 2025: Goalie Analysis App started with PID 12089
🥅 GOALIE ANALYSIS APP STARTING - SPECIALIZED TRACKING! 🥅
   Port: 8239 | Focus: Goalie movement & save mechanics
🥅 Goalie Analysis App starting on port 8239
   Specialized goalie tracking algorithms - optimized for hockey
 * Serving Flask app 'app'
 * Debug mode: off
WARNING: This is a development server. Do not use it in a production deployment. Use a production WSGI server instead.
 * Running on http://127.0.0.1:8239
Press CTRL+C to quit
Tue Aug 19 13:00:47 CDT 2025: Goalie Analysis App stopped
Tue Aug 19 13:00:47 CDT 2025: Starting Goalie Analysis App...
Tue Aug 19 13:00:47 CDT 2025: Goalie Analysis App started with PID 12171
🥅 GOALIE ANALYSIS APP STARTING - SPECIALIZED TRACKING! 🥅
   Port: 8239 | Focus: Goalie movement & save mechanics
🥅 Goalie Analysis App starting on port 8239
   Specialized goalie tracking algorithms - optimized for hockey
 * Serving Flask app 'app'
 * Debug mode: off
WARNING: This is a development server. Do not use it in a production deployment. Use a production WSGI server instead.
 * Running on http://127.0.0.1:8239
Press CTRL+C to quit
Tue Aug 19 13:03:04 CDT 2025: Goalie Analysis App stopped
Tue Aug 19 13:03:04 CDT 2025: Starting Goalie Analysis App...
Tue Aug 19 13:03:04 CDT 2025: Goalie Analysis App started with PID 12284
🥅 GOALIE ANALYSIS APP STARTING - SPECIALIZED TRACKING! 🥅
   Port: 8239 | Focus: Goalie movement & save mechanics
🥅 Goalie Analysis App starting on port 8239
   Specialized goalie tracking algorithms - optimized for hockey
 * Serving Flask app 'app'
 * Debug mode: off
WARNING: This is a development server. Do not use it in a production deployment. Use a production WSGI server instead.
 * Running on http://127.0.0.1:8239
Press CTRL+C to quit
Tue Aug 19 13:07:02 CDT 2025: Goalie Analysis App stopped
Tue Aug 19 13:07:02 CDT 2025: Starting Goalie Analysis App...
Tue Aug 19 13:07:02 CDT 2025: Goalie Analysis App started with PID 12464
🥅 GOALIE ANALYSIS APP STARTING - SPECIALIZED TRACKING! 🥅
   Port: 8239 | Focus: Goalie movement & save mechanics
🥅 Goalie Analysis App starting on port 8239
   Specialized goalie tracking algorithms - optimized for hockey
 * Serving Flask app 'app'
 * Debug mode: off
WARNING: This is a development server. Do not use it in a production deployment. Use a production WSGI server instead.
 * Running on http://127.0.0.1:8239
Press CTRL+C to quit
Tue Aug 19 13:09:46 CDT 2025: Goalie Analysis App stopped
Tue Aug 19 13:09:46 CDT 2025: Starting Goalie Analysis App...
Tue Aug 19 13:09:46 CDT 2025: Goalie Analysis App started with PID 12600
🥅 GOALIE ANALYSIS APP STARTING - SPECIALIZED TRACKING! 🥅
   Port: 8239 | Focus: Goalie movement & save mechanics
🥅 Goalie Analysis App starting on port 8239
   Specialized goalie tracking algorithms - optimized for hockey
 * Serving Flask app 'app'
 * Debug mode: off
WARNING: This is a development server. Do not use it in a production deployment. Use a production WSGI server instead.
 * Running on http://127.0.0.1:8239
Press CTRL+C to quit
